2023-01-06T00:50:54.245+07:00  INFO 1796 --- [main] h.iot.kien.restapi.RestApiApplication    : Starting RestApiApplication using Java 19.0.1 with PID 1796 (D:\Studying\Code\Java\File\IoT\rest-api\target\classes started by admin in D:\Studying\Code\Java\File\IoT\rest-api)
2023-01-06T00:50:54.248+07:00  INFO 1796 --- [main] h.iot.kien.restapi.RestApiApplication    : The following 1 profile is active: "dev"
2023-01-06T00:50:54.313+07:00  WARN 1796 --- [main] o.s.c.annotation.AnnotationTypeMapping   : Support for convention-based annotation attribute overrides is deprecated and will be removed in Spring Framework 6.1. Please annotate the following attributes in @org.springframework.retry.annotation.EnableRetry with appropriate @AliasFor declarations: [proxyTargetClass]
2023-01-06T00:50:54.974+07:00  INFO 1796 --- [main] .s.d.r.c.RepositoryConfigurationDelegate : Bootstrapping Spring Data JPA repositories in DEFAULT mode.
2023-01-06T00:50:55.028+07:00  INFO 1796 --- [main] .s.d.r.c.RepositoryConfigurationDelegate : Finished Spring Data repository scanning in 45 ms. Found 1 JPA repository interfaces.
2023-01-06T00:50:56.109+07:00  INFO 1796 --- [main] o.s.b.w.embedded.tomcat.TomcatWebServer  : Tomcat initialized with port(s): 8080 (http)
2023-01-06T00:50:56.122+07:00  INFO 1796 --- [main] o.apache.catalina.core.StandardService   : Starting service [Tomcat]
2023-01-06T00:50:56.122+07:00  INFO 1796 --- [main] o.apache.catalina.core.StandardEngine    : Starting Servlet engine: [Apache Tomcat/10.1.4]
2023-01-06T00:50:56.326+07:00  INFO 1796 --- [main] o.a.c.c.C.[Tomcat].[localhost].[/]       : Initializing Spring embedded WebApplicationContext
2023-01-06T00:50:56.327+07:00  INFO 1796 --- [main] w.s.c.ServletWebServerApplicationContext : Root WebApplicationContext: initialization completed in 2000 ms
2023-01-06T00:50:56.498+07:00  INFO 1796 --- [main] com.zaxxer.hikari.HikariDataSource       : HikariPool-1 - Starting...
2023-01-06T00:50:56.650+07:00  INFO 1796 --- [main] com.zaxxer.hikari.pool.HikariPool        : HikariPool-1 - Added connection org.sqlite.jdbc4.JDBC4Connection@51e3d37e
2023-01-06T00:50:56.653+07:00  INFO 1796 --- [main] com.zaxxer.hikari.HikariDataSource       : HikariPool-1 - Start completed.
2023-01-06T00:50:56.713+07:00  INFO 1796 --- [main] o.hibernate.jpa.internal.util.LogHelper  : HHH000204: Processing PersistenceUnitInfo [name: default]
2023-01-06T00:50:56.771+07:00  INFO 1796 --- [main] org.hibernate.Version                    : HHH000412: Hibernate ORM core version 6.1.6.Final
2023-01-06T00:50:56.942+07:00  WARN 1796 --- [main] org.hibernate.orm.deprecation            : HHH90000021: Encountered deprecated setting [javax.persistence.sharedCache.mode], use [jakarta.persistence.sharedCache.mode] instead
2023-01-06T00:50:57.095+07:00  INFO 1796 --- [main] SQL dialect                              : HHH000400: Using dialect: org.hibernate.community.dialect.SQLiteDialect
2023-01-06T00:50:57.693+07:00  INFO 1796 --- [main] o.h.e.t.j.p.i.JtaPlatformInitiator       : HHH000490: Using JtaPlatform implementation: [org.hibernate.engine.transaction.jta.platform.internal.NoJtaPlatform]
2023-01-06T00:50:57.703+07:00  INFO 1796 --- [main] j.LocalContainerEntityManagerFactoryBean : Initialized JPA EntityManagerFactory for persistence unit 'default'
2023-01-06T00:50:58.194+07:00  WARN 1796 --- [main] JpaBaseConfiguration$JpaWebConfiguration : spring.jpa.open-in-view is enabled by default. Therefore, database queries may be performed during view rendering. Explicitly configure spring.jpa.open-in-view to disable this warning
2023-01-06T00:50:58.495+07:00  INFO 1796 --- [main] o.s.b.a.w.s.WelcomePageHandlerMapping    : Adding welcome page template: index
2023-01-06T00:50:58.852+07:00  INFO 1796 --- [main] o.s.b.w.embedded.tomcat.TomcatWebServer  : Tomcat started on port(s): 8080 (http) with context path ''
2023-01-06T00:50:58.897+07:00  INFO 1796 --- [main] h.iot.kien.restapi.RestApiApplication    : Started RestApiApplication in 5.187 seconds (process running for 5.819)
2023-01-06T00:51:00.351+07:00  INFO 1796 --- [scheduling-1] hust.iot.kien.restapi.DataFetcher        : Saved data: SensorData(id=102, temperature=22.122815636644166, humidity=29.658095153603107, timeAdded=2023-01-06T22:28:01.483)
2023-01-06T00:51:11.548+07:00  INFO 1796 --- [scheduling-1] hust.iot.kien.restapi.DataFetcher        : Skipping duplicate message at 2023-01-06T22:28:01.483...
2023-01-06T00:51:22.768+07:00  INFO 1796 --- [scheduling-1] hust.iot.kien.restapi.DataFetcher        : Skipping duplicate message at 2023-01-06T22:28:01.483...
2023-01-06T00:51:33.958+07:00  INFO 1796 --- [scheduling-1] hust.iot.kien.restapi.DataFetcher        : Skipping duplicate message at 2023-01-06T22:28:01.483...
2023-01-06T00:51:45.132+07:00  INFO 1796 --- [scheduling-1] hust.iot.kien.restapi.DataFetcher        : Skipping duplicate message at 2023-01-06T22:28:01.483...
2023-01-06T00:59:13.468+07:00  INFO 15552 --- [main] h.iot.kien.restapi.RestApiApplication    : Starting RestApiApplication using Java 19.0.1 with PID 15552 (D:\Studying\Code\Java\File\IoT\rest-api\target\classes started by admin in D:\Studying\Code\Java\File\IoT\rest-api)
2023-01-06T00:59:13.471+07:00  INFO 15552 --- [main] h.iot.kien.restapi.RestApiApplication    : The following 1 profile is active: "dev"
2023-01-06T00:59:13.523+07:00  WARN 15552 --- [main] o.s.c.annotation.AnnotationTypeMapping   : Support for convention-based annotation attribute overrides is deprecated and will be removed in Spring Framework 6.1. Please annotate the following attributes in @org.springframework.retry.annotation.EnableRetry with appropriate @AliasFor declarations: [proxyTargetClass]
2023-01-06T00:59:13.947+07:00  INFO 15552 --- [main] .s.d.r.c.RepositoryConfigurationDelegate : Bootstrapping Spring Data JPA repositories in DEFAULT mode.
2023-01-06T00:59:14.004+07:00  INFO 15552 --- [main] .s.d.r.c.RepositoryConfigurationDelegate : Finished Spring Data repository scanning in 45 ms. Found 1 JPA repository interfaces.
2023-01-06T00:59:14.822+07:00  INFO 15552 --- [main] o.s.b.w.embedded.tomcat.TomcatWebServer  : Tomcat initialized with port(s): 8080 (http)
2023-01-06T00:59:14.836+07:00  INFO 15552 --- [main] o.apache.catalina.core.StandardService   : Starting service [Tomcat]
2023-01-06T00:59:14.836+07:00  INFO 15552 --- [main] o.apache.catalina.core.StandardEngine    : Starting Servlet engine: [Apache Tomcat/10.1.4]
2023-01-06T00:59:14.928+07:00  INFO 15552 --- [main] o.a.c.c.C.[Tomcat].[localhost].[/]       : Initializing Spring embedded WebApplicationContext
2023-01-06T00:59:14.929+07:00  INFO 15552 --- [main] w.s.c.ServletWebServerApplicationContext : Root WebApplicationContext: initialization completed in 1390 ms
2023-01-06T00:59:15.076+07:00  INFO 15552 --- [main] com.zaxxer.hikari.HikariDataSource       : HikariPool-1 - Starting...
2023-01-06T00:59:15.214+07:00  INFO 15552 --- [main] com.zaxxer.hikari.pool.HikariPool        : HikariPool-1 - Added connection org.sqlite.jdbc4.JDBC4Connection@51e3d37e
2023-01-06T00:59:15.216+07:00  INFO 15552 --- [main] com.zaxxer.hikari.HikariDataSource       : HikariPool-1 - Start completed.
2023-01-06T00:59:15.265+07:00  INFO 15552 --- [main] o.hibernate.jpa.internal.util.LogHelper  : HHH000204: Processing PersistenceUnitInfo [name: default]
2023-01-06T00:59:15.305+07:00  INFO 15552 --- [main] org.hibernate.Version                    : HHH000412: Hibernate ORM core version 6.1.6.Final
2023-01-06T00:59:15.439+07:00  WARN 15552 --- [main] org.hibernate.orm.deprecation            : HHH90000021: Encountered deprecated setting [javax.persistence.sharedCache.mode], use [jakarta.persistence.sharedCache.mode] instead
2023-01-06T00:59:15.585+07:00  INFO 15552 --- [main] SQL dialect                              : HHH000400: Using dialect: org.hibernate.community.dialect.SQLiteDialect
2023-01-06T00:59:16.167+07:00  INFO 15552 --- [main] o.h.e.t.j.p.i.JtaPlatformInitiator       : HHH000490: Using JtaPlatform implementation: [org.hibernate.engine.transaction.jta.platform.internal.NoJtaPlatform]
2023-01-06T00:59:16.178+07:00  INFO 15552 --- [main] j.LocalContainerEntityManagerFactoryBean : Initialized JPA EntityManagerFactory for persistence unit 'default'
2023-01-06T00:59:16.686+07:00  WARN 15552 --- [main] JpaBaseConfiguration$JpaWebConfiguration : spring.jpa.open-in-view is enabled by default. Therefore, database queries may be performed during view rendering. Explicitly configure spring.jpa.open-in-view to disable this warning
2023-01-06T00:59:17.020+07:00  INFO 15552 --- [main] o.s.b.a.w.s.WelcomePageHandlerMapping    : Adding welcome page template: index
2023-01-06T00:59:17.401+07:00  INFO 15552 --- [main] o.s.b.w.embedded.tomcat.TomcatWebServer  : Tomcat started on port(s): 8080 (http) with context path ''
2023-01-06T00:59:17.418+07:00  INFO 15552 --- [main] h.iot.kien.restapi.RestApiApplication    : Started RestApiApplication in 4.449 seconds (process running for 4.822)
2023-01-06T00:59:20.004+07:00  WARN 15552 --- [scheduling-1] hust.iot.kien.restapi.DataFetcher        : Retrying: 1
2023-01-06T00:59:21.211+07:00 ERROR 15552 --- [scheduling-1] o.s.s.s.TaskUtils$LoggingErrorHandler    : Unexpected error occurred in scheduled task

java.lang.RuntimeException: null
	at java.base/java.util.Optional.orElseThrow(Optional.java:403) ~[na:na]
	at hust.iot.kien.restapi.DataFetcher.fetchData(DataFetcher.java:59) ~[classes/:na]
	at java.base/jdk.internal.reflect.DirectMethodHandleAccessor.invoke(DirectMethodHandleAccessor.java:104) ~[na:na]
	at java.base/java.lang.reflect.Method.invoke(Method.java:578) ~[na:na]
	at org.springframework.aop.support.AopUtils.invokeJoinpointUsingReflection(AopUtils.java:343) ~[spring-aop-6.0.3.jar:6.0.3]
	at org.springframework.aop.framework.ReflectiveMethodInvocation.invokeJoinpoint(ReflectiveMethodInvocation.java:196) ~[spring-aop-6.0.3.jar:6.0.3]
	at org.springframework.aop.framework.ReflectiveMethodInvocation.proceed(ReflectiveMethodInvocation.java:163) ~[spring-aop-6.0.3.jar:6.0.3]
	at org.springframework.aop.framework.CglibAopProxy$CglibMethodInvocation.proceed(CglibAopProxy.java:752) ~[spring-aop-6.0.3.jar:6.0.3]
	at org.springframework.retry.interceptor.RetryOperationsInterceptor$1.doWithRetry(RetryOperationsInterceptor.java:102) ~[spring-retry-2.0.0.jar:na]
	at org.springframework.retry.support.RetryTemplate.doExecute(RetryTemplate.java:329) ~[spring-retry-2.0.0.jar:na]
	at org.springframework.retry.support.RetryTemplate.execute(RetryTemplate.java:209) ~[spring-retry-2.0.0.jar:na]
	at org.springframework.retry.interceptor.RetryOperationsInterceptor.invoke(RetryOperationsInterceptor.java:135) ~[spring-retry-2.0.0.jar:na]
	at org.springframework.retry.annotation.AnnotationAwareRetryOperationsInterceptor.invoke(AnnotationAwareRetryOperationsInterceptor.java:160) ~[spring-retry-2.0.0.jar:na]
	at org.springframework.aop.framework.ReflectiveMethodInvocation.proceed(ReflectiveMethodInvocation.java:184) ~[spring-aop-6.0.3.jar:6.0.3]
	at org.springframework.aop.framework.CglibAopProxy$CglibMethodInvocation.proceed(CglibAopProxy.java:752) ~[spring-aop-6.0.3.jar:6.0.3]
	at org.springframework.aop.framework.CglibAopProxy$DynamicAdvisedInterceptor.intercept(CglibAopProxy.java:703) ~[spring-aop-6.0.3.jar:6.0.3]
	at hust.iot.kien.restapi.DataFetcher$$SpringCGLIB$$0.fetchData(<generated>) ~[classes/:na]
	at java.base/jdk.internal.reflect.DirectMethodHandleAccessor.invoke(DirectMethodHandleAccessor.java:104) ~[na:na]
	at java.base/java.lang.reflect.Method.invoke(Method.java:578) ~[na:na]
	at org.springframework.scheduling.support.ScheduledMethodRunnable.run(ScheduledMethodRunnable.java:84) ~[spring-context-6.0.3.jar:6.0.3]
	at org.springframework.scheduling.support.DelegatingErrorHandlingRunnable.run(DelegatingErrorHandlingRunnable.java:54) ~[spring-context-6.0.3.jar:6.0.3]
	at java.base/java.util.concurrent.Executors$RunnableAdapter.call(Executors.java:577) ~[na:na]
	at java.base/java.util.concurrent.FutureTask.runAndReset(FutureTask.java:358) ~[na:na]
	at java.base/java.util.concurrent.ScheduledThreadPoolExecutor$ScheduledFutureTask.run(ScheduledThreadPoolExecutor.java:305) ~[na:na]
	at java.base/java.util.concurrent.ThreadPoolExecutor.runWorker(ThreadPoolExecutor.java:1144) ~[na:na]
	at java.base/java.util.concurrent.ThreadPoolExecutor$Worker.run(ThreadPoolExecutor.java:642) ~[na:na]
	at java.base/java.lang.Thread.run(Thread.java:1589) ~[na:na]

2023-01-06T00:59:33.456+07:00  WARN 15552 --- [scheduling-1] hust.iot.kien.restapi.DataFetcher        : Retrying: 1
2023-01-06T00:59:34.684+07:00 ERROR 15552 --- [scheduling-1] o.s.s.s.TaskUtils$LoggingErrorHandler    : Unexpected error occurred in scheduled task

java.lang.RuntimeException: null
	at java.base/java.util.Optional.orElseThrow(Optional.java:403) ~[na:na]
	at hust.iot.kien.restapi.DataFetcher.fetchData(DataFetcher.java:59) ~[classes/:na]
	at java.base/jdk.internal.reflect.DirectMethodHandleAccessor.invoke(DirectMethodHandleAccessor.java:104) ~[na:na]
	at java.base/java.lang.reflect.Method.invoke(Method.java:578) ~[na:na]
	at org.springframework.aop.support.AopUtils.invokeJoinpointUsingReflection(AopUtils.java:343) ~[spring-aop-6.0.3.jar:6.0.3]
	at org.springframework.aop.framework.ReflectiveMethodInvocation.invokeJoinpoint(ReflectiveMethodInvocation.java:196) ~[spring-aop-6.0.3.jar:6.0.3]
	at org.springframework.aop.framework.ReflectiveMethodInvocation.proceed(ReflectiveMethodInvocation.java:163) ~[spring-aop-6.0.3.jar:6.0.3]
	at org.springframework.aop.framework.CglibAopProxy$CglibMethodInvocation.proceed(CglibAopProxy.java:752) ~[spring-aop-6.0.3.jar:6.0.3]
	at org.springframework.retry.interceptor.RetryOperationsInterceptor$1.doWithRetry(RetryOperationsInterceptor.java:102) ~[spring-retry-2.0.0.jar:na]
	at org.springframework.retry.support.RetryTemplate.doExecute(RetryTemplate.java:329) ~[spring-retry-2.0.0.jar:na]
	at org.springframework.retry.support.RetryTemplate.execute(RetryTemplate.java:209) ~[spring-retry-2.0.0.jar:na]
	at org.springframework.retry.interceptor.RetryOperationsInterceptor.invoke(RetryOperationsInterceptor.java:135) ~[spring-retry-2.0.0.jar:na]
	at org.springframework.retry.annotation.AnnotationAwareRetryOperationsInterceptor.invoke(AnnotationAwareRetryOperationsInterceptor.java:160) ~[spring-retry-2.0.0.jar:na]
	at org.springframework.aop.framework.ReflectiveMethodInvocation.proceed(ReflectiveMethodInvocation.java:184) ~[spring-aop-6.0.3.jar:6.0.3]
	at org.springframework.aop.framework.CglibAopProxy$CglibMethodInvocation.proceed(CglibAopProxy.java:752) ~[spring-aop-6.0.3.jar:6.0.3]
	at org.springframework.aop.framework.CglibAopProxy$DynamicAdvisedInterceptor.intercept(CglibAopProxy.java:703) ~[spring-aop-6.0.3.jar:6.0.3]
	at hust.iot.kien.restapi.DataFetcher$$SpringCGLIB$$0.fetchData(<generated>) ~[classes/:na]
	at java.base/jdk.internal.reflect.DirectMethodHandleAccessor.invoke(DirectMethodHandleAccessor.java:104) ~[na:na]
	at java.base/java.lang.reflect.Method.invoke(Method.java:578) ~[na:na]
	at org.springframework.scheduling.support.ScheduledMethodRunnable.run(ScheduledMethodRunnable.java:84) ~[spring-context-6.0.3.jar:6.0.3]
	at org.springframework.scheduling.support.DelegatingErrorHandlingRunnable.run(DelegatingErrorHandlingRunnable.java:54) ~[spring-context-6.0.3.jar:6.0.3]
	at java.base/java.util.concurrent.Executors$RunnableAdapter.call(Executors.java:577) ~[na:na]
	at java.base/java.util.concurrent.FutureTask.runAndReset(FutureTask.java:358) ~[na:na]
	at java.base/java.util.concurrent.ScheduledThreadPoolExecutor$ScheduledFutureTask.run(ScheduledThreadPoolExecutor.java:305) ~[na:na]
	at java.base/java.util.concurrent.ThreadPoolExecutor.runWorker(ThreadPoolExecutor.java:1144) ~[na:na]
	at java.base/java.util.concurrent.ThreadPoolExecutor$Worker.run(ThreadPoolExecutor.java:642) ~[na:na]
	at java.base/java.lang.Thread.run(Thread.java:1589) ~[na:na]

2023-01-06T01:02:09.194+07:00  INFO 14352 --- [main] h.iot.kien.restapi.RestApiApplication    : Starting RestApiApplication using Java 19.0.1 with PID 14352 (D:\Studying\Code\Java\File\IoT\rest-api\target\classes started by admin in D:\Studying\Code\Java\File\IoT\rest-api)
2023-01-06T01:02:09.199+07:00  INFO 14352 --- [main] h.iot.kien.restapi.RestApiApplication    : The following 1 profile is active: "dev"
2023-01-06T01:02:09.258+07:00  WARN 14352 --- [main] o.s.c.annotation.AnnotationTypeMapping   : Support for convention-based annotation attribute overrides is deprecated and will be removed in Spring Framework 6.1. Please annotate the following attributes in @org.springframework.retry.annotation.EnableRetry with appropriate @AliasFor declarations: [proxyTargetClass]
2023-01-06T01:02:09.726+07:00  INFO 14352 --- [main] .s.d.r.c.RepositoryConfigurationDelegate : Bootstrapping Spring Data JPA repositories in DEFAULT mode.
2023-01-06T01:02:09.781+07:00  INFO 14352 --- [main] .s.d.r.c.RepositoryConfigurationDelegate : Finished Spring Data repository scanning in 45 ms. Found 1 JPA repository interfaces.
2023-01-06T01:02:10.585+07:00  INFO 14352 --- [main] o.s.b.w.embedded.tomcat.TomcatWebServer  : Tomcat initialized with port(s): 8080 (http)
2023-01-06T01:02:10.600+07:00  INFO 14352 --- [main] o.apache.catalina.core.StandardService   : Starting service [Tomcat]
2023-01-06T01:02:10.600+07:00  INFO 14352 --- [main] o.apache.catalina.core.StandardEngine    : Starting Servlet engine: [Apache Tomcat/10.1.4]
2023-01-06T01:02:10.688+07:00  INFO 14352 --- [main] o.a.c.c.C.[Tomcat].[localhost].[/]       : Initializing Spring embedded WebApplicationContext
2023-01-06T01:02:10.689+07:00  INFO 14352 --- [main] w.s.c.ServletWebServerApplicationContext : Root WebApplicationContext: initialization completed in 1403 ms
2023-01-06T01:02:10.830+07:00  INFO 14352 --- [main] com.zaxxer.hikari.HikariDataSource       : HikariPool-1 - Starting...
2023-01-06T01:02:10.993+07:00  INFO 14352 --- [main] com.zaxxer.hikari.pool.HikariPool        : HikariPool-1 - Added connection org.sqlite.jdbc4.JDBC4Connection@8a6631b
2023-01-06T01:02:10.996+07:00  INFO 14352 --- [main] com.zaxxer.hikari.HikariDataSource       : HikariPool-1 - Start completed.
2023-01-06T01:02:11.042+07:00  INFO 14352 --- [main] o.hibernate.jpa.internal.util.LogHelper  : HHH000204: Processing PersistenceUnitInfo [name: default]
2023-01-06T01:02:11.087+07:00  INFO 14352 --- [main] org.hibernate.Version                    : HHH000412: Hibernate ORM core version 6.1.6.Final
2023-01-06T01:02:11.223+07:00  WARN 14352 --- [main] org.hibernate.orm.deprecation            : HHH90000021: Encountered deprecated setting [javax.persistence.sharedCache.mode], use [jakarta.persistence.sharedCache.mode] instead
2023-01-06T01:02:11.355+07:00  INFO 14352 --- [main] SQL dialect                              : HHH000400: Using dialect: org.hibernate.community.dialect.SQLiteDialect
2023-01-06T01:02:11.913+07:00  INFO 14352 --- [main] o.h.e.t.j.p.i.JtaPlatformInitiator       : HHH000490: Using JtaPlatform implementation: [org.hibernate.engine.transaction.jta.platform.internal.NoJtaPlatform]
2023-01-06T01:02:11.921+07:00  INFO 14352 --- [main] j.LocalContainerEntityManagerFactoryBean : Initialized JPA EntityManagerFactory for persistence unit 'default'
2023-01-06T01:02:12.429+07:00  WARN 14352 --- [main] JpaBaseConfiguration$JpaWebConfiguration : spring.jpa.open-in-view is enabled by default. Therefore, database queries may be performed during view rendering. Explicitly configure spring.jpa.open-in-view to disable this warning
2023-01-06T01:02:12.770+07:00  INFO 14352 --- [main] o.s.b.a.w.s.WelcomePageHandlerMapping    : Adding welcome page template: index
2023-01-06T01:02:13.092+07:00  INFO 14352 --- [main] o.s.b.w.embedded.tomcat.TomcatWebServer  : Tomcat started on port(s): 8080 (http) with context path ''
2023-01-06T01:02:13.105+07:00  INFO 14352 --- [main] h.iot.kien.restapi.RestApiApplication    : Started RestApiApplication in 4.428 seconds (process running for 4.8)
2023-01-06T01:02:15.676+07:00  WARN 14352 --- [scheduling-1] hust.iot.kien.restapi.DataFetcher        : Retrying: 1
2023-01-06T01:02:16.838+07:00 ERROR 14352 --- [scheduling-1] o.s.s.s.TaskUtils$LoggingErrorHandler    : Unexpected error occurred in scheduled task

java.lang.NullPointerException: Cannot invoke "java.lang.Class.isAssignableFrom(java.lang.Class)" because "meta.type" is null
	at org.springframework.retry.annotation.RecoverAnnotationRecoveryHandler.findClosestMatch(RecoverAnnotationRecoveryHandler.java:153) ~[spring-retry-2.0.0.jar:na]
	at org.springframework.retry.annotation.RecoverAnnotationRecoveryHandler.recover(RecoverAnnotationRecoveryHandler.java:74) ~[spring-retry-2.0.0.jar:na]
	at org.springframework.retry.interceptor.RetryOperationsInterceptor$ItemRecovererCallback.recover(RetryOperationsInterceptor.java:159) ~[spring-retry-2.0.0.jar:na]
	at org.springframework.retry.support.RetryTemplate.handleRetryExhausted(RetryTemplate.java:543) ~[spring-retry-2.0.0.jar:na]
	at org.springframework.retry.support.RetryTemplate.doExecute(RetryTemplate.java:389) ~[spring-retry-2.0.0.jar:na]
	at org.springframework.retry.support.RetryTemplate.execute(RetryTemplate.java:225) ~[spring-retry-2.0.0.jar:na]
	at org.springframework.retry.interceptor.RetryOperationsInterceptor.invoke(RetryOperationsInterceptor.java:124) ~[spring-retry-2.0.0.jar:na]
	at org.springframework.retry.annotation.AnnotationAwareRetryOperationsInterceptor.invoke(AnnotationAwareRetryOperationsInterceptor.java:160) ~[spring-retry-2.0.0.jar:na]
	at org.springframework.aop.framework.ReflectiveMethodInvocation.proceed(ReflectiveMethodInvocation.java:184) ~[spring-aop-6.0.3.jar:6.0.3]
	at org.springframework.aop.framework.CglibAopProxy$CglibMethodInvocation.proceed(CglibAopProxy.java:752) ~[spring-aop-6.0.3.jar:6.0.3]
	at org.springframework.aop.framework.CglibAopProxy$DynamicAdvisedInterceptor.intercept(CglibAopProxy.java:703) ~[spring-aop-6.0.3.jar:6.0.3]
	at hust.iot.kien.restapi.DataFetcher$$SpringCGLIB$$0.fetchData(<generated>) ~[classes/:na]
	at java.base/jdk.internal.reflect.DirectMethodHandleAccessor.invoke(DirectMethodHandleAccessor.java:104) ~[na:na]
	at java.base/java.lang.reflect.Method.invoke(Method.java:578) ~[na:na]
	at org.springframework.scheduling.support.ScheduledMethodRunnable.run(ScheduledMethodRunnable.java:84) ~[spring-context-6.0.3.jar:6.0.3]
	at org.springframework.scheduling.support.DelegatingErrorHandlingRunnable.run(DelegatingErrorHandlingRunnable.java:54) ~[spring-context-6.0.3.jar:6.0.3]
	at java.base/java.util.concurrent.Executors$RunnableAdapter.call(Executors.java:577) ~[na:na]
	at java.base/java.util.concurrent.FutureTask.runAndReset(FutureTask.java:358) ~[na:na]
	at java.base/java.util.concurrent.ScheduledThreadPoolExecutor$ScheduledFutureTask.run(ScheduledThreadPoolExecutor.java:305) ~[na:na]
	at java.base/java.util.concurrent.ThreadPoolExecutor.runWorker(ThreadPoolExecutor.java:1144) ~[na:na]
	at java.base/java.util.concurrent.ThreadPoolExecutor$Worker.run(ThreadPoolExecutor.java:642) ~[na:na]
	at java.base/java.lang.Thread.run(Thread.java:1589) ~[na:na]

2023-01-06T01:02:29.131+07:00  WARN 14352 --- [scheduling-1] hust.iot.kien.restapi.DataFetcher        : Retrying: 1
2023-01-06T01:02:30.343+07:00 ERROR 14352 --- [scheduling-1] o.s.s.s.TaskUtils$LoggingErrorHandler    : Unexpected error occurred in scheduled task

java.lang.NullPointerException: Cannot invoke "java.lang.Class.isAssignableFrom(java.lang.Class)" because "meta.type" is null
	at org.springframework.retry.annotation.RecoverAnnotationRecoveryHandler.findClosestMatch(RecoverAnnotationRecoveryHandler.java:153) ~[spring-retry-2.0.0.jar:na]
	at org.springframework.retry.annotation.RecoverAnnotationRecoveryHandler.recover(RecoverAnnotationRecoveryHandler.java:74) ~[spring-retry-2.0.0.jar:na]
	at org.springframework.retry.interceptor.RetryOperationsInterceptor$ItemRecovererCallback.recover(RetryOperationsInterceptor.java:159) ~[spring-retry-2.0.0.jar:na]
	at org.springframework.retry.support.RetryTemplate.handleRetryExhausted(RetryTemplate.java:543) ~[spring-retry-2.0.0.jar:na]
	at org.springframework.retry.support.RetryTemplate.doExecute(RetryTemplate.java:389) ~[spring-retry-2.0.0.jar:na]
	at org.springframework.retry.support.RetryTemplate.execute(RetryTemplate.java:225) ~[spring-retry-2.0.0.jar:na]
	at org.springframework.retry.interceptor.RetryOperationsInterceptor.invoke(RetryOperationsInterceptor.java:124) ~[spring-retry-2.0.0.jar:na]
	at org.springframework.retry.annotation.AnnotationAwareRetryOperationsInterceptor.invoke(AnnotationAwareRetryOperationsInterceptor.java:160) ~[spring-retry-2.0.0.jar:na]
	at org.springframework.aop.framework.ReflectiveMethodInvocation.proceed(ReflectiveMethodInvocation.java:184) ~[spring-aop-6.0.3.jar:6.0.3]
	at org.springframework.aop.framework.CglibAopProxy$CglibMethodInvocation.proceed(CglibAopProxy.java:752) ~[spring-aop-6.0.3.jar:6.0.3]
	at org.springframework.aop.framework.CglibAopProxy$DynamicAdvisedInterceptor.intercept(CglibAopProxy.java:703) ~[spring-aop-6.0.3.jar:6.0.3]
	at hust.iot.kien.restapi.DataFetcher$$SpringCGLIB$$0.fetchData(<generated>) ~[classes/:na]
	at java.base/jdk.internal.reflect.DirectMethodHandleAccessor.invoke(DirectMethodHandleAccessor.java:104) ~[na:na]
	at java.base/java.lang.reflect.Method.invoke(Method.java:578) ~[na:na]
	at org.springframework.scheduling.support.ScheduledMethodRunnable.run(ScheduledMethodRunnable.java:84) ~[spring-context-6.0.3.jar:6.0.3]
	at org.springframework.scheduling.support.DelegatingErrorHandlingRunnable.run(DelegatingErrorHandlingRunnable.java:54) ~[spring-context-6.0.3.jar:6.0.3]
	at java.base/java.util.concurrent.Executors$RunnableAdapter.call(Executors.java:577) ~[na:na]
	at java.base/java.util.concurrent.FutureTask.runAndReset(FutureTask.java:358) ~[na:na]
	at java.base/java.util.concurrent.ScheduledThreadPoolExecutor$ScheduledFutureTask.run(ScheduledThreadPoolExecutor.java:305) ~[na:na]
	at java.base/java.util.concurrent.ThreadPoolExecutor.runWorker(ThreadPoolExecutor.java:1144) ~[na:na]
	at java.base/java.util.concurrent.ThreadPoolExecutor$Worker.run(ThreadPoolExecutor.java:642) ~[na:na]
	at java.base/java.lang.Thread.run(Thread.java:1589) ~[na:na]

2023-01-06T01:03:20.107+07:00  INFO 16768 --- [main] h.iot.kien.restapi.RestApiApplication    : Starting RestApiApplication using Java 19.0.1 with PID 16768 (D:\Studying\Code\Java\File\IoT\rest-api\target\classes started by admin in D:\Studying\Code\Java\File\IoT\rest-api)
2023-01-06T01:03:20.109+07:00  INFO 16768 --- [main] h.iot.kien.restapi.RestApiApplication    : The following 1 profile is active: "dev"
2023-01-06T01:03:20.161+07:00  WARN 16768 --- [main] o.s.c.annotation.AnnotationTypeMapping   : Support for convention-based annotation attribute overrides is deprecated and will be removed in Spring Framework 6.1. Please annotate the following attributes in @org.springframework.retry.annotation.EnableRetry with appropriate @AliasFor declarations: [proxyTargetClass]
2023-01-06T01:03:20.606+07:00  INFO 16768 --- [main] .s.d.r.c.RepositoryConfigurationDelegate : Bootstrapping Spring Data JPA repositories in DEFAULT mode.
2023-01-06T01:03:20.661+07:00  INFO 16768 --- [main] .s.d.r.c.RepositoryConfigurationDelegate : Finished Spring Data repository scanning in 41 ms. Found 1 JPA repository interfaces.
2023-01-06T01:03:21.433+07:00  INFO 16768 --- [main] o.s.b.w.embedded.tomcat.TomcatWebServer  : Tomcat initialized with port(s): 8080 (http)
2023-01-06T01:03:21.449+07:00  INFO 16768 --- [main] o.apache.catalina.core.StandardService   : Starting service [Tomcat]
2023-01-06T01:03:21.449+07:00  INFO 16768 --- [main] o.apache.catalina.core.StandardEngine    : Starting Servlet engine: [Apache Tomcat/10.1.4]
2023-01-06T01:03:21.542+07:00  INFO 16768 --- [main] o.a.c.c.C.[Tomcat].[localhost].[/]       : Initializing Spring embedded WebApplicationContext
2023-01-06T01:03:21.543+07:00  INFO 16768 --- [main] w.s.c.ServletWebServerApplicationContext : Root WebApplicationContext: initialization completed in 1367 ms
2023-01-06T01:03:21.686+07:00  INFO 16768 --- [main] com.zaxxer.hikari.HikariDataSource       : HikariPool-1 - Starting...
2023-01-06T01:03:21.881+07:00  INFO 16768 --- [main] com.zaxxer.hikari.pool.HikariPool        : HikariPool-1 - Added connection org.sqlite.jdbc4.JDBC4Connection@8a6631b
2023-01-06T01:03:21.883+07:00  INFO 16768 --- [main] com.zaxxer.hikari.HikariDataSource       : HikariPool-1 - Start completed.
2023-01-06T01:03:21.925+07:00  INFO 16768 --- [main] o.hibernate.jpa.internal.util.LogHelper  : HHH000204: Processing PersistenceUnitInfo [name: default]
2023-01-06T01:03:21.970+07:00  INFO 16768 --- [main] org.hibernate.Version                    : HHH000412: Hibernate ORM core version 6.1.6.Final
2023-01-06T01:03:22.118+07:00  WARN 16768 --- [main] org.hibernate.orm.deprecation            : HHH90000021: Encountered deprecated setting [javax.persistence.sharedCache.mode], use [jakarta.persistence.sharedCache.mode] instead
2023-01-06T01:03:22.255+07:00  INFO 16768 --- [main] SQL dialect                              : HHH000400: Using dialect: org.hibernate.community.dialect.SQLiteDialect
2023-01-06T01:03:22.974+07:00  INFO 16768 --- [main] o.h.e.t.j.p.i.JtaPlatformInitiator       : HHH000490: Using JtaPlatform implementation: [org.hibernate.engine.transaction.jta.platform.internal.NoJtaPlatform]
2023-01-06T01:03:22.986+07:00  INFO 16768 --- [main] j.LocalContainerEntityManagerFactoryBean : Initialized JPA EntityManagerFactory for persistence unit 'default'
2023-01-06T01:03:23.627+07:00  WARN 16768 --- [main] JpaBaseConfiguration$JpaWebConfiguration : spring.jpa.open-in-view is enabled by default. Therefore, database queries may be performed during view rendering. Explicitly configure spring.jpa.open-in-view to disable this warning
2023-01-06T01:03:24.022+07:00  INFO 16768 --- [main] o.s.b.a.w.s.WelcomePageHandlerMapping    : Adding welcome page template: index
2023-01-06T01:03:24.434+07:00  INFO 16768 --- [main] o.s.b.w.embedded.tomcat.TomcatWebServer  : Tomcat started on port(s): 8080 (http) with context path ''
2023-01-06T01:03:24.450+07:00  INFO 16768 --- [main] h.iot.kien.restapi.RestApiApplication    : Started RestApiApplication in 4.806 seconds (process running for 5.15)
2023-01-06T01:03:27.180+07:00  WARN 16768 --- [scheduling-1] hust.iot.kien.restapi.DataFetcher        : Retrying: 1
2023-01-06T01:03:28.360+07:00  INFO 16768 --- [scheduling-1] hust.iot.kien.restapi.DataFetcher        : Failed to fetch new data from broker at 2023-01-06T01:03:28.360975
2023-01-06T01:03:40.658+07:00  WARN 16768 --- [scheduling-1] hust.iot.kien.restapi.DataFetcher        : Retrying: 1
2023-01-06T01:03:41.888+07:00  INFO 16768 --- [scheduling-1] hust.iot.kien.restapi.DataFetcher        : Failed to fetch new data from broker at 2023-01-06T01:03:41.888592500
2023-01-06T01:03:54.121+07:00  WARN 16768 --- [scheduling-1] hust.iot.kien.restapi.DataFetcher        : Retrying: 1
2023-01-06T01:03:55.399+07:00  INFO 16768 --- [scheduling-1] hust.iot.kien.restapi.DataFetcher        : Failed to fetch new data from broker at 2023-01-06T01:03:55.399797300
2023-01-06T01:05:40.444+07:00  INFO 13272 --- [main] h.iot.kien.restapi.RestApiApplication    : Starting RestApiApplication using Java 19.0.1 with PID 13272 (D:\Studying\Code\Java\File\IoT\rest-api\target\classes started by admin in D:\Studying\Code\Java\File\IoT\rest-api)
2023-01-06T01:05:40.446+07:00  INFO 13272 --- [main] h.iot.kien.restapi.RestApiApplication    : The following 1 profile is active: "dev"
2023-01-06T01:05:40.498+07:00  WARN 13272 --- [main] o.s.c.annotation.AnnotationTypeMapping   : Support for convention-based annotation attribute overrides is deprecated and will be removed in Spring Framework 6.1. Please annotate the following attributes in @org.springframework.retry.annotation.EnableRetry with appropriate @AliasFor declarations: [proxyTargetClass]
2023-01-06T01:05:40.997+07:00  INFO 13272 --- [main] .s.d.r.c.RepositoryConfigurationDelegate : Bootstrapping Spring Data JPA repositories in DEFAULT mode.
2023-01-06T01:05:41.043+07:00  INFO 13272 --- [main] .s.d.r.c.RepositoryConfigurationDelegate : Finished Spring Data repository scanning in 36 ms. Found 1 JPA repository interfaces.
2023-01-06T01:05:41.835+07:00  INFO 13272 --- [main] o.s.b.w.embedded.tomcat.TomcatWebServer  : Tomcat initialized with port(s): 8080 (http)
2023-01-06T01:05:41.851+07:00  INFO 13272 --- [main] o.apache.catalina.core.StandardService   : Starting service [Tomcat]
2023-01-06T01:05:41.852+07:00  INFO 13272 --- [main] o.apache.catalina.core.StandardEngine    : Starting Servlet engine: [Apache Tomcat/10.1.4]
2023-01-06T01:05:41.952+07:00  INFO 13272 --- [main] o.a.c.c.C.[Tomcat].[localhost].[/]       : Initializing Spring embedded WebApplicationContext
2023-01-06T01:05:41.953+07:00  INFO 13272 --- [main] w.s.c.ServletWebServerApplicationContext : Root WebApplicationContext: initialization completed in 1440 ms
2023-01-06T01:05:42.083+07:00  INFO 13272 --- [main] com.zaxxer.hikari.HikariDataSource       : HikariPool-1 - Starting...
2023-01-06T01:05:42.288+07:00  INFO 13272 --- [main] com.zaxxer.hikari.pool.HikariPool        : HikariPool-1 - Added connection org.sqlite.jdbc4.JDBC4Connection@8a6631b
2023-01-06T01:05:42.291+07:00  INFO 13272 --- [main] com.zaxxer.hikari.HikariDataSource       : HikariPool-1 - Start completed.
2023-01-06T01:05:42.339+07:00  INFO 13272 --- [main] o.hibernate.jpa.internal.util.LogHelper  : HHH000204: Processing PersistenceUnitInfo [name: default]
2023-01-06T01:05:42.381+07:00  INFO 13272 --- [main] org.hibernate.Version                    : HHH000412: Hibernate ORM core version 6.1.6.Final
2023-01-06T01:05:42.524+07:00  WARN 13272 --- [main] org.hibernate.orm.deprecation            : HHH90000021: Encountered deprecated setting [javax.persistence.sharedCache.mode], use [jakarta.persistence.sharedCache.mode] instead
2023-01-06T01:05:42.671+07:00  INFO 13272 --- [main] SQL dialect                              : HHH000400: Using dialect: org.hibernate.community.dialect.SQLiteDialect
2023-01-06T01:05:43.254+07:00  INFO 13272 --- [main] o.h.e.t.j.p.i.JtaPlatformInitiator       : HHH000490: Using JtaPlatform implementation: [org.hibernate.engine.transaction.jta.platform.internal.NoJtaPlatform]
2023-01-06T01:05:43.263+07:00  INFO 13272 --- [main] j.LocalContainerEntityManagerFactoryBean : Initialized JPA EntityManagerFactory for persistence unit 'default'
2023-01-06T01:05:43.753+07:00  WARN 13272 --- [main] JpaBaseConfiguration$JpaWebConfiguration : spring.jpa.open-in-view is enabled by default. Therefore, database queries may be performed during view rendering. Explicitly configure spring.jpa.open-in-view to disable this warning
2023-01-06T01:05:44.059+07:00  INFO 13272 --- [main] o.s.b.a.w.s.WelcomePageHandlerMapping    : Adding welcome page template: index
2023-01-06T01:05:44.386+07:00  INFO 13272 --- [main] o.s.b.w.embedded.tomcat.TomcatWebServer  : Tomcat started on port(s): 8080 (http) with context path ''
2023-01-06T01:05:44.401+07:00  INFO 13272 --- [main] h.iot.kien.restapi.RestApiApplication    : Started RestApiApplication in 4.49 seconds (process running for 4.863)
2023-01-06T01:05:46.899+07:00  WARN 13272 --- [scheduling-1] hust.iot.kien.restapi.DataFetcher        : Retrying: 1
2023-01-06T01:05:48.082+07:00  INFO 13272 --- [scheduling-1] hust.iot.kien.restapi.DataFetcher        : Failed to fetch new data from broker

java.util.concurrent.TimeoutException: null
	at hust.iot.kien.restapi.DataFetcher.lambda$0(DataFetcher.java:58) ~[classes/:na]
	at java.base/java.util.Optional.orElseThrow(Optional.java:403) ~[na:na]
	at hust.iot.kien.restapi.DataFetcher.fetchData(DataFetcher.java:58) ~[classes/:na]
	at java.base/jdk.internal.reflect.DirectMethodHandleAccessor.invoke(DirectMethodHandleAccessor.java:104) ~[na:na]
	at java.base/java.lang.reflect.Method.invoke(Method.java:578) ~[na:na]
	at org.springframework.aop.support.AopUtils.invokeJoinpointUsingReflection(AopUtils.java:343) ~[spring-aop-6.0.3.jar:6.0.3]
	at org.springframework.aop.framework.ReflectiveMethodInvocation.invokeJoinpoint(ReflectiveMethodInvocation.java:196) ~[spring-aop-6.0.3.jar:6.0.3]
	at org.springframework.aop.framework.ReflectiveMethodInvocation.proceed(ReflectiveMethodInvocation.java:163) ~[spring-aop-6.0.3.jar:6.0.3]
	at org.springframework.aop.framework.CglibAopProxy$CglibMethodInvocation.proceed(CglibAopProxy.java:752) ~[spring-aop-6.0.3.jar:6.0.3]
	at org.springframework.retry.interceptor.RetryOperationsInterceptor$1.doWithRetry(RetryOperationsInterceptor.java:102) ~[spring-retry-2.0.0.jar:na]
	at org.springframework.retry.support.RetryTemplate.doExecute(RetryTemplate.java:329) ~[spring-retry-2.0.0.jar:na]
	at org.springframework.retry.support.RetryTemplate.execute(RetryTemplate.java:225) ~[spring-retry-2.0.0.jar:na]
	at org.springframework.retry.interceptor.RetryOperationsInterceptor.invoke(RetryOperationsInterceptor.java:124) ~[spring-retry-2.0.0.jar:na]
	at org.springframework.retry.annotation.AnnotationAwareRetryOperationsInterceptor.invoke(AnnotationAwareRetryOperationsInterceptor.java:160) ~[spring-retry-2.0.0.jar:na]
	at org.springframework.aop.framework.ReflectiveMethodInvocation.proceed(ReflectiveMethodInvocation.java:184) ~[spring-aop-6.0.3.jar:6.0.3]
	at org.springframework.aop.framework.CglibAopProxy$CglibMethodInvocation.proceed(CglibAopProxy.java:752) ~[spring-aop-6.0.3.jar:6.0.3]
	at org.springframework.aop.framework.CglibAopProxy$DynamicAdvisedInterceptor.intercept(CglibAopProxy.java:703) ~[spring-aop-6.0.3.jar:6.0.3]
	at hust.iot.kien.restapi.DataFetcher$$SpringCGLIB$$0.fetchData(<generated>) ~[classes/:na]
	at java.base/jdk.internal.reflect.DirectMethodHandleAccessor.invoke(DirectMethodHandleAccessor.java:104) ~[na:na]
	at java.base/java.lang.reflect.Method.invoke(Method.java:578) ~[na:na]
	at org.springframework.scheduling.support.ScheduledMethodRunnable.run(ScheduledMethodRunnable.java:84) ~[spring-context-6.0.3.jar:6.0.3]
	at org.springframework.scheduling.support.DelegatingErrorHandlingRunnable.run(DelegatingErrorHandlingRunnable.java:54) ~[spring-context-6.0.3.jar:6.0.3]
	at java.base/java.util.concurrent.Executors$RunnableAdapter.call(Executors.java:577) ~[na:na]
	at java.base/java.util.concurrent.FutureTask.runAndReset(FutureTask.java:358) ~[na:na]
	at java.base/java.util.concurrent.ScheduledThreadPoolExecutor$ScheduledFutureTask.run(ScheduledThreadPoolExecutor.java:305) ~[na:na]
	at java.base/java.util.concurrent.ThreadPoolExecutor.runWorker(ThreadPoolExecutor.java:1144) ~[na:na]
	at java.base/java.util.concurrent.ThreadPoolExecutor$Worker.run(ThreadPoolExecutor.java:642) ~[na:na]
	at java.base/java.lang.Thread.run(Thread.java:1589) ~[na:na]

2023-01-06T01:06:30.357+07:00  INFO 6672 --- [main] h.iot.kien.restapi.RestApiApplication    : Starting RestApiApplication using Java 19.0.1 with PID 6672 (D:\Studying\Code\Java\File\IoT\rest-api\target\classes started by admin in D:\Studying\Code\Java\File\IoT\rest-api)
2023-01-06T01:06:30.359+07:00  INFO 6672 --- [main] h.iot.kien.restapi.RestApiApplication    : The following 1 profile is active: "dev"
2023-01-06T01:06:30.409+07:00  WARN 6672 --- [main] o.s.c.annotation.AnnotationTypeMapping   : Support for convention-based annotation attribute overrides is deprecated and will be removed in Spring Framework 6.1. Please annotate the following attributes in @org.springframework.retry.annotation.EnableRetry with appropriate @AliasFor declarations: [proxyTargetClass]
2023-01-06T01:06:30.882+07:00  INFO 6672 --- [main] .s.d.r.c.RepositoryConfigurationDelegate : Bootstrapping Spring Data JPA repositories in DEFAULT mode.
2023-01-06T01:06:30.936+07:00  INFO 6672 --- [main] .s.d.r.c.RepositoryConfigurationDelegate : Finished Spring Data repository scanning in 42 ms. Found 1 JPA repository interfaces.
2023-01-06T01:06:31.819+07:00  INFO 6672 --- [main] o.s.b.w.embedded.tomcat.TomcatWebServer  : Tomcat initialized with port(s): 8080 (http)
2023-01-06T01:06:31.830+07:00  INFO 6672 --- [main] o.apache.catalina.core.StandardService   : Starting service [Tomcat]
2023-01-06T01:06:31.831+07:00  INFO 6672 --- [main] o.apache.catalina.core.StandardEngine    : Starting Servlet engine: [Apache Tomcat/10.1.4]
2023-01-06T01:06:31.920+07:00  INFO 6672 --- [main] o.a.c.c.C.[Tomcat].[localhost].[/]       : Initializing Spring embedded WebApplicationContext
2023-01-06T01:06:31.921+07:00  INFO 6672 --- [main] w.s.c.ServletWebServerApplicationContext : Root WebApplicationContext: initialization completed in 1496 ms
2023-01-06T01:06:32.066+07:00  INFO 6672 --- [main] com.zaxxer.hikari.HikariDataSource       : HikariPool-1 - Starting...
2023-01-06T01:06:32.200+07:00  INFO 6672 --- [main] com.zaxxer.hikari.pool.HikariPool        : HikariPool-1 - Added connection org.sqlite.jdbc4.JDBC4Connection@8a6631b
2023-01-06T01:06:32.203+07:00  INFO 6672 --- [main] com.zaxxer.hikari.HikariDataSource       : HikariPool-1 - Start completed.
2023-01-06T01:06:32.245+07:00  INFO 6672 --- [main] o.hibernate.jpa.internal.util.LogHelper  : HHH000204: Processing PersistenceUnitInfo [name: default]
2023-01-06T01:06:32.285+07:00  INFO 6672 --- [main] org.hibernate.Version                    : HHH000412: Hibernate ORM core version 6.1.6.Final
2023-01-06T01:06:32.412+07:00  WARN 6672 --- [main] org.hibernate.orm.deprecation            : HHH90000021: Encountered deprecated setting [javax.persistence.sharedCache.mode], use [jakarta.persistence.sharedCache.mode] instead
2023-01-06T01:06:32.543+07:00  INFO 6672 --- [main] SQL dialect                              : HHH000400: Using dialect: org.hibernate.community.dialect.SQLiteDialect
2023-01-06T01:06:33.158+07:00  INFO 6672 --- [main] o.h.e.t.j.p.i.JtaPlatformInitiator       : HHH000490: Using JtaPlatform implementation: [org.hibernate.engine.transaction.jta.platform.internal.NoJtaPlatform]
2023-01-06T01:06:33.167+07:00  INFO 6672 --- [main] j.LocalContainerEntityManagerFactoryBean : Initialized JPA EntityManagerFactory for persistence unit 'default'
2023-01-06T01:06:33.656+07:00  WARN 6672 --- [main] JpaBaseConfiguration$JpaWebConfiguration : spring.jpa.open-in-view is enabled by default. Therefore, database queries may be performed during view rendering. Explicitly configure spring.jpa.open-in-view to disable this warning
2023-01-06T01:06:33.984+07:00  INFO 6672 --- [main] o.s.b.a.w.s.WelcomePageHandlerMapping    : Adding welcome page template: index
2023-01-06T01:06:34.320+07:00  INFO 6672 --- [main] o.s.b.w.embedded.tomcat.TomcatWebServer  : Tomcat started on port(s): 8080 (http) with context path ''
2023-01-06T01:06:34.334+07:00  INFO 6672 --- [main] h.iot.kien.restapi.RestApiApplication    : Started RestApiApplication in 4.44 seconds (process running for 4.784)
2023-01-06T01:06:36.950+07:00  WARN 6672 --- [scheduling-1] hust.iot.kien.restapi.DataFetcher        : Retrying: 1
2023-01-06T01:06:38.165+07:00  INFO 6672 --- [scheduling-1] hust.iot.kien.restapi.DataFetcher        : Failed to fetch new data from broker
2023-01-06T01:06:50.395+07:00  WARN 6672 --- [scheduling-1] hust.iot.kien.restapi.DataFetcher        : Retrying: 1
2023-01-06T01:06:51.647+07:00  INFO 6672 --- [scheduling-1] hust.iot.kien.restapi.DataFetcher        : Failed to fetch new data from broker
2023-01-06T01:09:47.190+07:00  INFO 14060 --- [main] h.iot.kien.restapi.RestApiApplication    : Starting RestApiApplication using Java 19.0.1 with PID 14060 (D:\Studying\Code\Java\File\IoT\rest-api\target\classes started by admin in D:\Studying\Code\Java\File\IoT\rest-api)
2023-01-06T01:09:47.192+07:00  INFO 14060 --- [main] h.iot.kien.restapi.RestApiApplication    : The following 1 profile is active: "dev"
2023-01-06T01:09:47.246+07:00  WARN 14060 --- [main] o.s.c.annotation.AnnotationTypeMapping   : Support for convention-based annotation attribute overrides is deprecated and will be removed in Spring Framework 6.1. Please annotate the following attributes in @org.springframework.retry.annotation.EnableRetry with appropriate @AliasFor declarations: [proxyTargetClass]
2023-01-06T01:09:47.687+07:00  INFO 14060 --- [main] .s.d.r.c.RepositoryConfigurationDelegate : Bootstrapping Spring Data JPA repositories in DEFAULT mode.
2023-01-06T01:09:47.742+07:00  INFO 14060 --- [main] .s.d.r.c.RepositoryConfigurationDelegate : Finished Spring Data repository scanning in 44 ms. Found 1 JPA repository interfaces.
2023-01-06T01:09:48.658+07:00  INFO 14060 --- [main] o.s.b.w.embedded.tomcat.TomcatWebServer  : Tomcat initialized with port(s): 8080 (http)
2023-01-06T01:09:48.671+07:00  INFO 14060 --- [main] o.apache.catalina.core.StandardService   : Starting service [Tomcat]
2023-01-06T01:09:48.672+07:00  INFO 14060 --- [main] o.apache.catalina.core.StandardEngine    : Starting Servlet engine: [Apache Tomcat/10.1.4]
2023-01-06T01:09:48.778+07:00  INFO 14060 --- [main] o.a.c.c.C.[Tomcat].[localhost].[/]       : Initializing Spring embedded WebApplicationContext
2023-01-06T01:09:48.779+07:00  INFO 14060 --- [main] w.s.c.ServletWebServerApplicationContext : Root WebApplicationContext: initialization completed in 1517 ms
2023-01-06T01:09:48.937+07:00  INFO 14060 --- [main] com.zaxxer.hikari.HikariDataSource       : HikariPool-1 - Starting...
2023-01-06T01:09:49.057+07:00  INFO 14060 --- [main] com.zaxxer.hikari.pool.HikariPool        : HikariPool-1 - Added connection org.sqlite.jdbc4.JDBC4Connection@76ff68c5
2023-01-06T01:09:49.060+07:00  INFO 14060 --- [main] com.zaxxer.hikari.HikariDataSource       : HikariPool-1 - Start completed.
2023-01-06T01:09:49.110+07:00  INFO 14060 --- [main] o.hibernate.jpa.internal.util.LogHelper  : HHH000204: Processing PersistenceUnitInfo [name: default]
2023-01-06T01:09:49.154+07:00  INFO 14060 --- [main] org.hibernate.Version                    : HHH000412: Hibernate ORM core version 6.1.6.Final
2023-01-06T01:09:49.294+07:00  WARN 14060 --- [main] org.hibernate.orm.deprecation            : HHH90000021: Encountered deprecated setting [javax.persistence.sharedCache.mode], use [jakarta.persistence.sharedCache.mode] instead
2023-01-06T01:09:49.424+07:00  INFO 14060 --- [main] SQL dialect                              : HHH000400: Using dialect: org.hibernate.community.dialect.SQLiteDialect
2023-01-06T01:09:49.982+07:00  INFO 14060 --- [main] o.h.e.t.j.p.i.JtaPlatformInitiator       : HHH000490: Using JtaPlatform implementation: [org.hibernate.engine.transaction.jta.platform.internal.NoJtaPlatform]
2023-01-06T01:09:49.994+07:00  INFO 14060 --- [main] j.LocalContainerEntityManagerFactoryBean : Initialized JPA EntityManagerFactory for persistence unit 'default'
2023-01-06T01:09:50.479+07:00  WARN 14060 --- [main] JpaBaseConfiguration$JpaWebConfiguration : spring.jpa.open-in-view is enabled by default. Therefore, database queries may be performed during view rendering. Explicitly configure spring.jpa.open-in-view to disable this warning
2023-01-06T01:09:50.790+07:00  INFO 14060 --- [main] o.s.b.a.w.s.WelcomePageHandlerMapping    : Adding welcome page template: index
2023-01-06T01:09:51.121+07:00  INFO 14060 --- [main] o.s.b.w.embedded.tomcat.TomcatWebServer  : Tomcat started on port(s): 8080 (http) with context path ''
2023-01-06T01:09:51.133+07:00  INFO 14060 --- [main] h.iot.kien.restapi.RestApiApplication    : Started RestApiApplication in 4.398 seconds (process running for 4.738)
2023-01-06T01:09:57.772+07:00  WARN 14060 --- [scheduling-1] hust.iot.kien.restapi.DataFetcher        : Retrying: 1
2023-01-06T01:09:58.927+07:00  INFO 14060 --- [scheduling-1] hust.iot.kien.restapi.DataFetcher        : Failed to fetch new data from broker
2023-01-06T01:10:15.140+07:00  WARN 14060 --- [scheduling-1] hust.iot.kien.restapi.DataFetcher        : Retrying: 1
2023-01-06T01:10:16.359+07:00  INFO 14060 --- [scheduling-1] hust.iot.kien.restapi.DataFetcher        : Failed to fetch new data from broker
2023-01-06T01:10:32.531+07:00  WARN 14060 --- [scheduling-1] hust.iot.kien.restapi.DataFetcher        : Retrying: 1
2023-01-06T01:10:33.754+07:00  INFO 14060 --- [scheduling-1] hust.iot.kien.restapi.DataFetcher        : Failed to fetch new data from broker
2023-01-06T01:10:49.935+07:00  WARN 14060 --- [scheduling-1] hust.iot.kien.restapi.DataFetcher        : Retrying: 1
2023-01-06T01:10:51.093+07:00  INFO 14060 --- [scheduling-1] hust.iot.kien.restapi.DataFetcher        : Failed to fetch new data from broker
2023-01-06T01:11:07.940+07:00  INFO 15268 --- [main] h.iot.kien.restapi.RestApiApplication    : Starting RestApiApplication using Java 19.0.1 with PID 15268 (D:\Studying\Code\Java\File\IoT\rest-api\target\classes started by admin in D:\Studying\Code\Java\File\IoT\rest-api)
2023-01-06T01:11:07.942+07:00  INFO 15268 --- [main] h.iot.kien.restapi.RestApiApplication    : The following 1 profile is active: "dev"
2023-01-06T01:11:07.993+07:00  WARN 15268 --- [main] o.s.c.annotation.AnnotationTypeMapping   : Support for convention-based annotation attribute overrides is deprecated and will be removed in Spring Framework 6.1. Please annotate the following attributes in @org.springframework.retry.annotation.EnableRetry with appropriate @AliasFor declarations: [proxyTargetClass]
2023-01-06T01:11:08.471+07:00  INFO 15268 --- [main] .s.d.r.c.RepositoryConfigurationDelegate : Bootstrapping Spring Data JPA repositories in DEFAULT mode.
2023-01-06T01:11:08.528+07:00  INFO 15268 --- [main] .s.d.r.c.RepositoryConfigurationDelegate : Finished Spring Data repository scanning in 45 ms. Found 1 JPA repository interfaces.
2023-01-06T01:11:09.307+07:00  INFO 15268 --- [main] o.s.b.w.embedded.tomcat.TomcatWebServer  : Tomcat initialized with port(s): 8080 (http)
2023-01-06T01:11:09.318+07:00  INFO 15268 --- [main] o.apache.catalina.core.StandardService   : Starting service [Tomcat]
2023-01-06T01:11:09.319+07:00  INFO 15268 --- [main] o.apache.catalina.core.StandardEngine    : Starting Servlet engine: [Apache Tomcat/10.1.4]
2023-01-06T01:11:09.406+07:00  INFO 15268 --- [main] o.a.c.c.C.[Tomcat].[localhost].[/]       : Initializing Spring embedded WebApplicationContext
2023-01-06T01:11:09.407+07:00  INFO 15268 --- [main] w.s.c.ServletWebServerApplicationContext : Root WebApplicationContext: initialization completed in 1399 ms
2023-01-06T01:11:09.545+07:00  INFO 15268 --- [main] com.zaxxer.hikari.HikariDataSource       : HikariPool-1 - Starting...
2023-01-06T01:11:09.656+07:00  INFO 15268 --- [main] com.zaxxer.hikari.pool.HikariPool        : HikariPool-1 - Added connection org.sqlite.jdbc4.JDBC4Connection@76ff68c5
2023-01-06T01:11:09.658+07:00  INFO 15268 --- [main] com.zaxxer.hikari.HikariDataSource       : HikariPool-1 - Start completed.
2023-01-06T01:11:09.704+07:00  INFO 15268 --- [main] o.hibernate.jpa.internal.util.LogHelper  : HHH000204: Processing PersistenceUnitInfo [name: default]
2023-01-06T01:11:09.749+07:00  INFO 15268 --- [main] org.hibernate.Version                    : HHH000412: Hibernate ORM core version 6.1.6.Final
2023-01-06T01:11:09.886+07:00  WARN 15268 --- [main] org.hibernate.orm.deprecation            : HHH90000021: Encountered deprecated setting [javax.persistence.sharedCache.mode], use [jakarta.persistence.sharedCache.mode] instead
2023-01-06T01:11:10.021+07:00  INFO 15268 --- [main] SQL dialect                              : HHH000400: Using dialect: org.hibernate.community.dialect.SQLiteDialect
2023-01-06T01:11:10.551+07:00  INFO 15268 --- [main] o.h.e.t.j.p.i.JtaPlatformInitiator       : HHH000490: Using JtaPlatform implementation: [org.hibernate.engine.transaction.jta.platform.internal.NoJtaPlatform]
2023-01-06T01:11:10.560+07:00  INFO 15268 --- [main] j.LocalContainerEntityManagerFactoryBean : Initialized JPA EntityManagerFactory for persistence unit 'default'
2023-01-06T01:11:11.029+07:00  WARN 15268 --- [main] JpaBaseConfiguration$JpaWebConfiguration : spring.jpa.open-in-view is enabled by default. Therefore, database queries may be performed during view rendering. Explicitly configure spring.jpa.open-in-view to disable this warning
2023-01-06T01:11:11.337+07:00  INFO 15268 --- [main] o.s.b.a.w.s.WelcomePageHandlerMapping    : Adding welcome page template: index
2023-01-06T01:11:11.691+07:00  INFO 15268 --- [main] o.s.b.w.embedded.tomcat.TomcatWebServer  : Tomcat started on port(s): 8080 (http) with context path ''
2023-01-06T01:11:11.705+07:00  INFO 15268 --- [main] h.iot.kien.restapi.RestApiApplication    : Started RestApiApplication in 4.244 seconds (process running for 4.603)
2023-01-06T01:11:18.288+07:00  WARN 15268 --- [scheduling-1] hust.iot.kien.restapi.DataFetcher        : Retrying: 1
2023-01-06T01:11:24.554+07:00  WARN 15268 --- [scheduling-1] hust.iot.kien.restapi.DataFetcher        : Retrying: 2
2023-01-06T01:11:30.767+07:00  WARN 15268 --- [scheduling-1] hust.iot.kien.restapi.DataFetcher        : Retrying: 3
2023-01-06T01:12:21.734+07:00  INFO 5556 --- [main] h.iot.kien.restapi.RestApiApplication    : Starting RestApiApplication using Java 19.0.1 with PID 5556 (D:\Studying\Code\Java\File\IoT\rest-api\target\classes started by admin in D:\Studying\Code\Java\File\IoT\rest-api)
2023-01-06T01:12:21.736+07:00  INFO 5556 --- [main] h.iot.kien.restapi.RestApiApplication    : The following 1 profile is active: "dev"
2023-01-06T01:12:21.784+07:00  WARN 5556 --- [main] o.s.c.annotation.AnnotationTypeMapping   : Support for convention-based annotation attribute overrides is deprecated and will be removed in Spring Framework 6.1. Please annotate the following attributes in @org.springframework.retry.annotation.EnableRetry with appropriate @AliasFor declarations: [proxyTargetClass]
2023-01-06T01:12:22.352+07:00  INFO 5556 --- [main] .s.d.r.c.RepositoryConfigurationDelegate : Bootstrapping Spring Data JPA repositories in DEFAULT mode.
2023-01-06T01:12:22.415+07:00  INFO 5556 --- [main] .s.d.r.c.RepositoryConfigurationDelegate : Finished Spring Data repository scanning in 50 ms. Found 1 JPA repository interfaces.
2023-01-06T01:12:23.295+07:00  INFO 5556 --- [main] o.s.b.w.embedded.tomcat.TomcatWebServer  : Tomcat initialized with port(s): 8080 (http)
2023-01-06T01:12:23.309+07:00  INFO 5556 --- [main] o.apache.catalina.core.StandardService   : Starting service [Tomcat]
2023-01-06T01:12:23.310+07:00  INFO 5556 --- [main] o.apache.catalina.core.StandardEngine    : Starting Servlet engine: [Apache Tomcat/10.1.4]
2023-01-06T01:12:23.425+07:00  INFO 5556 --- [main] o.a.c.c.C.[Tomcat].[localhost].[/]       : Initializing Spring embedded WebApplicationContext
2023-01-06T01:12:23.426+07:00  INFO 5556 --- [main] w.s.c.ServletWebServerApplicationContext : Root WebApplicationContext: initialization completed in 1627 ms
2023-01-06T01:12:23.575+07:00  INFO 5556 --- [main] com.zaxxer.hikari.HikariDataSource       : HikariPool-1 - Starting...
2023-01-06T01:12:23.697+07:00  INFO 5556 --- [main] com.zaxxer.hikari.pool.HikariPool        : HikariPool-1 - Added connection org.sqlite.jdbc4.JDBC4Connection@76ff68c5
2023-01-06T01:12:23.700+07:00  INFO 5556 --- [main] com.zaxxer.hikari.HikariDataSource       : HikariPool-1 - Start completed.
2023-01-06T01:12:23.746+07:00  INFO 5556 --- [main] o.hibernate.jpa.internal.util.LogHelper  : HHH000204: Processing PersistenceUnitInfo [name: default]
2023-01-06T01:12:23.785+07:00  INFO 5556 --- [main] org.hibernate.Version                    : HHH000412: Hibernate ORM core version 6.1.6.Final
2023-01-06T01:12:23.919+07:00  WARN 5556 --- [main] org.hibernate.orm.deprecation            : HHH90000021: Encountered deprecated setting [javax.persistence.sharedCache.mode], use [jakarta.persistence.sharedCache.mode] instead
2023-01-06T01:12:24.049+07:00  INFO 5556 --- [main] SQL dialect                              : HHH000400: Using dialect: org.hibernate.community.dialect.SQLiteDialect
2023-01-06T01:12:24.613+07:00  INFO 5556 --- [main] o.h.e.t.j.p.i.JtaPlatformInitiator       : HHH000490: Using JtaPlatform implementation: [org.hibernate.engine.transaction.jta.platform.internal.NoJtaPlatform]
2023-01-06T01:12:24.622+07:00  INFO 5556 --- [main] j.LocalContainerEntityManagerFactoryBean : Initialized JPA EntityManagerFactory for persistence unit 'default'
2023-01-06T01:12:25.125+07:00  WARN 5556 --- [main] JpaBaseConfiguration$JpaWebConfiguration : spring.jpa.open-in-view is enabled by default. Therefore, database queries may be performed during view rendering. Explicitly configure spring.jpa.open-in-view to disable this warning
2023-01-06T01:12:25.433+07:00  INFO 5556 --- [main] o.s.b.a.w.s.WelcomePageHandlerMapping    : Adding welcome page template: index
2023-01-06T01:12:25.784+07:00  INFO 5556 --- [main] o.s.b.w.embedded.tomcat.TomcatWebServer  : Tomcat started on port(s): 8080 (http) with context path ''
2023-01-06T01:12:25.796+07:00  INFO 5556 --- [main] h.iot.kien.restapi.RestApiApplication    : Started RestApiApplication in 4.517 seconds (process running for 4.86)
2023-01-06T01:12:32.296+07:00  WARN 5556 --- [scheduling-1] hust.iot.kien.restapi.DataFetcher        : Retrying: 1
2023-01-06T01:12:38.453+07:00  WARN 5556 --- [scheduling-1] hust.iot.kien.restapi.DataFetcher        : Retrying: 2
2023-01-06T01:12:39.617+07:00  INFO 5556 --- [scheduling-1] hust.iot.kien.restapi.DataFetcher        : Failed to fetch new data from broker
2023-01-06T01:12:55.920+07:00  WARN 5556 --- [scheduling-1] hust.iot.kien.restapi.DataFetcher        : Retrying: 1
2023-01-06T01:13:03.823+07:00  INFO 1596 --- [main] h.iot.kien.restapi.RestApiApplication    : Starting RestApiApplication using Java 19.0.1 with PID 1596 (D:\Studying\Code\Java\File\IoT\rest-api\target\classes started by admin in D:\Studying\Code\Java\File\IoT\rest-api)
2023-01-06T01:13:03.825+07:00  INFO 1596 --- [main] h.iot.kien.restapi.RestApiApplication    : The following 1 profile is active: "dev"
2023-01-06T01:13:03.877+07:00  WARN 1596 --- [main] o.s.c.annotation.AnnotationTypeMapping   : Support for convention-based annotation attribute overrides is deprecated and will be removed in Spring Framework 6.1. Please annotate the following attributes in @org.springframework.retry.annotation.EnableRetry with appropriate @AliasFor declarations: [proxyTargetClass]
2023-01-06T01:13:04.323+07:00  INFO 1596 --- [main] .s.d.r.c.RepositoryConfigurationDelegate : Bootstrapping Spring Data JPA repositories in DEFAULT mode.
2023-01-06T01:13:04.373+07:00  INFO 1596 --- [main] .s.d.r.c.RepositoryConfigurationDelegate : Finished Spring Data repository scanning in 39 ms. Found 1 JPA repository interfaces.
2023-01-06T01:13:05.164+07:00  INFO 1596 --- [main] o.s.b.w.embedded.tomcat.TomcatWebServer  : Tomcat initialized with port(s): 8080 (http)
2023-01-06T01:13:05.182+07:00  INFO 1596 --- [main] o.apache.catalina.core.StandardService   : Starting service [Tomcat]
2023-01-06T01:13:05.183+07:00  INFO 1596 --- [main] o.apache.catalina.core.StandardEngine    : Starting Servlet engine: [Apache Tomcat/10.1.4]
2023-01-06T01:13:05.281+07:00  INFO 1596 --- [main] o.a.c.c.C.[Tomcat].[localhost].[/]       : Initializing Spring embedded WebApplicationContext
2023-01-06T01:13:05.282+07:00  INFO 1596 --- [main] w.s.c.ServletWebServerApplicationContext : Root WebApplicationContext: initialization completed in 1385 ms
2023-01-06T01:13:05.417+07:00  INFO 1596 --- [main] com.zaxxer.hikari.HikariDataSource       : HikariPool-1 - Starting...
2023-01-06T01:13:05.599+07:00  INFO 1596 --- [main] com.zaxxer.hikari.pool.HikariPool        : HikariPool-1 - Added connection org.sqlite.jdbc4.JDBC4Connection@76ff68c5
2023-01-06T01:13:05.601+07:00  INFO 1596 --- [main] com.zaxxer.hikari.HikariDataSource       : HikariPool-1 - Start completed.
2023-01-06T01:13:05.652+07:00  INFO 1596 --- [main] o.hibernate.jpa.internal.util.LogHelper  : HHH000204: Processing PersistenceUnitInfo [name: default]
2023-01-06T01:13:05.697+07:00  INFO 1596 --- [main] org.hibernate.Version                    : HHH000412: Hibernate ORM core version 6.1.6.Final
2023-01-06T01:13:05.829+07:00  WARN 1596 --- [main] org.hibernate.orm.deprecation            : HHH90000021: Encountered deprecated setting [javax.persistence.sharedCache.mode], use [jakarta.persistence.sharedCache.mode] instead
2023-01-06T01:13:05.964+07:00  INFO 1596 --- [main] SQL dialect                              : HHH000400: Using dialect: org.hibernate.community.dialect.SQLiteDialect
2023-01-06T01:13:06.508+07:00  INFO 1596 --- [main] o.h.e.t.j.p.i.JtaPlatformInitiator       : HHH000490: Using JtaPlatform implementation: [org.hibernate.engine.transaction.jta.platform.internal.NoJtaPlatform]
2023-01-06T01:13:06.517+07:00  INFO 1596 --- [main] j.LocalContainerEntityManagerFactoryBean : Initialized JPA EntityManagerFactory for persistence unit 'default'
2023-01-06T01:13:06.991+07:00  WARN 1596 --- [main] JpaBaseConfiguration$JpaWebConfiguration : spring.jpa.open-in-view is enabled by default. Therefore, database queries may be performed during view rendering. Explicitly configure spring.jpa.open-in-view to disable this warning
2023-01-06T01:13:07.325+07:00  INFO 1596 --- [main] o.s.b.a.w.s.WelcomePageHandlerMapping    : Adding welcome page template: index
2023-01-06T01:13:07.694+07:00  INFO 1596 --- [main] o.s.b.w.embedded.tomcat.TomcatWebServer  : Tomcat started on port(s): 8080 (http) with context path ''
2023-01-06T01:13:07.704+07:00  INFO 1596 --- [main] h.iot.kien.restapi.RestApiApplication    : Started RestApiApplication in 4.355 seconds (process running for 4.779)
2023-01-06T01:13:14.214+07:00  WARN 1596 --- [scheduling-1] hust.iot.kien.restapi.DataFetcher        : Retrying: 1
2023-01-06T01:13:20.378+07:00  WARN 1596 --- [scheduling-1] hust.iot.kien.restapi.DataFetcher        : Retrying: 2
2023-01-06T01:13:21.550+07:00  INFO 1596 --- [scheduling-1] hust.iot.kien.restapi.DataFetcher        : Failed to fetch new data from broker with error java.util.concurrent.TimeoutException
2023-01-06T01:20:14.237+07:00  INFO 16968 --- [main] h.iot.kien.restapi.RestApiApplication    : Starting RestApiApplication using Java 19.0.1 with PID 16968 (D:\Studying\Code\Java\File\IoT\rest-api\target\classes started by admin in D:\Studying\Code\Java\File\IoT\rest-api)
2023-01-06T01:20:14.239+07:00  INFO 16968 --- [main] h.iot.kien.restapi.RestApiApplication    : The following 1 profile is active: "dev"
2023-01-06T01:20:14.289+07:00  WARN 16968 --- [main] o.s.c.annotation.AnnotationTypeMapping   : Support for convention-based annotation attribute overrides is deprecated and will be removed in Spring Framework 6.1. Please annotate the following attributes in @org.springframework.retry.annotation.EnableRetry with appropriate @AliasFor declarations: [proxyTargetClass]
2023-01-06T01:20:14.737+07:00  INFO 16968 --- [main] .s.d.r.c.RepositoryConfigurationDelegate : Bootstrapping Spring Data JPA repositories in DEFAULT mode.
2023-01-06T01:20:14.786+07:00  INFO 16968 --- [main] .s.d.r.c.RepositoryConfigurationDelegate : Finished Spring Data repository scanning in 35 ms. Found 1 JPA repository interfaces.
2023-01-06T01:20:15.597+07:00  INFO 16968 --- [main] o.s.b.w.embedded.tomcat.TomcatWebServer  : Tomcat initialized with port(s): 8080 (http)
2023-01-06T01:20:15.610+07:00  INFO 16968 --- [main] o.apache.catalina.core.StandardService   : Starting service [Tomcat]
2023-01-06T01:20:15.610+07:00  INFO 16968 --- [main] o.apache.catalina.core.StandardEngine    : Starting Servlet engine: [Apache Tomcat/10.1.4]
2023-01-06T01:20:15.734+07:00  INFO 16968 --- [main] o.a.c.c.C.[Tomcat].[localhost].[/]       : Initializing Spring embedded WebApplicationContext
2023-01-06T01:20:15.735+07:00  INFO 16968 --- [main] w.s.c.ServletWebServerApplicationContext : Root WebApplicationContext: initialization completed in 1426 ms
2023-01-06T01:20:15.876+07:00  INFO 16968 --- [main] com.zaxxer.hikari.HikariDataSource       : HikariPool-1 - Starting...
2023-01-06T01:20:16.024+07:00  INFO 16968 --- [main] com.zaxxer.hikari.pool.HikariPool        : HikariPool-1 - Added connection org.sqlite.jdbc4.JDBC4Connection@19c1820d
2023-01-06T01:20:16.026+07:00  INFO 16968 --- [main] com.zaxxer.hikari.HikariDataSource       : HikariPool-1 - Start completed.
2023-01-06T01:20:16.070+07:00  INFO 16968 --- [main] o.hibernate.jpa.internal.util.LogHelper  : HHH000204: Processing PersistenceUnitInfo [name: default]
2023-01-06T01:20:16.110+07:00  INFO 16968 --- [main] org.hibernate.Version                    : HHH000412: Hibernate ORM core version 6.1.6.Final
2023-01-06T01:20:16.252+07:00  WARN 16968 --- [main] org.hibernate.orm.deprecation            : HHH90000021: Encountered deprecated setting [javax.persistence.sharedCache.mode], use [jakarta.persistence.sharedCache.mode] instead
2023-01-06T01:20:16.387+07:00  INFO 16968 --- [main] SQL dialect                              : HHH000400: Using dialect: org.hibernate.community.dialect.SQLiteDialect
2023-01-06T01:20:16.966+07:00  INFO 16968 --- [main] o.h.e.t.j.p.i.JtaPlatformInitiator       : HHH000490: Using JtaPlatform implementation: [org.hibernate.engine.transaction.jta.platform.internal.NoJtaPlatform]
2023-01-06T01:20:16.977+07:00  INFO 16968 --- [main] j.LocalContainerEntityManagerFactoryBean : Initialized JPA EntityManagerFactory for persistence unit 'default'
2023-01-06T01:20:17.462+07:00  WARN 16968 --- [main] JpaBaseConfiguration$JpaWebConfiguration : spring.jpa.open-in-view is enabled by default. Therefore, database queries may be performed during view rendering. Explicitly configure spring.jpa.open-in-view to disable this warning
2023-01-06T01:20:17.786+07:00  INFO 16968 --- [main] o.s.b.a.w.s.WelcomePageHandlerMapping    : Adding welcome page template: index
2023-01-06T01:20:18.128+07:00  INFO 16968 --- [main] o.s.b.w.embedded.tomcat.TomcatWebServer  : Tomcat started on port(s): 8080 (http) with context path ''
2023-01-06T01:20:18.140+07:00  INFO 16968 --- [main] h.iot.kien.restapi.RestApiApplication    : Started RestApiApplication in 4.419 seconds (process running for 4.794)
2023-01-06T01:20:19.549+07:00  INFO 16968 --- [scheduling-1] hust.iot.kien.restapi.DataFetcher        : Skipping duplicate message at 2023-01-06T22:28:01.483...
2023-01-06T01:20:25.020+07:00  INFO 16968 --- [http-nio-8080-exec-2] o.a.c.c.C.[Tomcat].[localhost].[/]       : Initializing Spring DispatcherServlet 'dispatcherServlet'
2023-01-06T01:20:25.021+07:00  INFO 16968 --- [http-nio-8080-exec-2] o.s.web.servlet.DispatcherServlet        : Initializing Servlet 'dispatcherServlet'
2023-01-06T01:20:25.023+07:00  INFO 16968 --- [http-nio-8080-exec-2] o.s.web.servlet.DispatcherServlet        : Completed initialization in 1 ms
2023-01-06T01:22:17.186+07:00  INFO 12788 --- [main] h.iot.kien.restapi.RestApiApplication    : Starting RestApiApplication using Java 19.0.1 with PID 12788 (D:\Studying\Code\Java\File\IoT\rest-api\target\classes started by admin in D:\Studying\Code\Java\File\IoT\rest-api)
2023-01-06T01:22:17.188+07:00  INFO 12788 --- [main] h.iot.kien.restapi.RestApiApplication    : The following 1 profile is active: "dev"
2023-01-06T01:22:17.241+07:00  WARN 12788 --- [main] o.s.c.annotation.AnnotationTypeMapping   : Support for convention-based annotation attribute overrides is deprecated and will be removed in Spring Framework 6.1. Please annotate the following attributes in @org.springframework.retry.annotation.EnableRetry with appropriate @AliasFor declarations: [proxyTargetClass]
2023-01-06T01:22:17.694+07:00  INFO 12788 --- [main] .s.d.r.c.RepositoryConfigurationDelegate : Bootstrapping Spring Data JPA repositories in DEFAULT mode.
2023-01-06T01:22:17.747+07:00  INFO 12788 --- [main] .s.d.r.c.RepositoryConfigurationDelegate : Finished Spring Data repository scanning in 40 ms. Found 1 JPA repository interfaces.
2023-01-06T01:22:18.548+07:00  INFO 12788 --- [main] o.s.b.w.embedded.tomcat.TomcatWebServer  : Tomcat initialized with port(s): 8080 (http)
2023-01-06T01:22:18.559+07:00  INFO 12788 --- [main] o.apache.catalina.core.StandardService   : Starting service [Tomcat]
2023-01-06T01:22:18.560+07:00  INFO 12788 --- [main] o.apache.catalina.core.StandardEngine    : Starting Servlet engine: [Apache Tomcat/10.1.4]
2023-01-06T01:22:18.659+07:00  INFO 12788 --- [main] o.a.c.c.C.[Tomcat].[localhost].[/]       : Initializing Spring embedded WebApplicationContext
2023-01-06T01:22:18.660+07:00  INFO 12788 --- [main] w.s.c.ServletWebServerApplicationContext : Root WebApplicationContext: initialization completed in 1393 ms
2023-01-06T01:22:18.811+07:00  INFO 12788 --- [main] com.zaxxer.hikari.HikariDataSource       : HikariPool-1 - Starting...
2023-01-06T01:22:18.973+07:00  INFO 12788 --- [main] com.zaxxer.hikari.pool.HikariPool        : HikariPool-1 - Added connection org.sqlite.jdbc4.JDBC4Connection@3e377967
2023-01-06T01:22:18.975+07:00  INFO 12788 --- [main] com.zaxxer.hikari.HikariDataSource       : HikariPool-1 - Start completed.
2023-01-06T01:22:19.020+07:00  INFO 12788 --- [main] o.hibernate.jpa.internal.util.LogHelper  : HHH000204: Processing PersistenceUnitInfo [name: default]
2023-01-06T01:22:19.060+07:00  INFO 12788 --- [main] org.hibernate.Version                    : HHH000412: Hibernate ORM core version 6.1.6.Final
2023-01-06T01:22:19.201+07:00  WARN 12788 --- [main] org.hibernate.orm.deprecation            : HHH90000021: Encountered deprecated setting [javax.persistence.sharedCache.mode], use [jakarta.persistence.sharedCache.mode] instead
2023-01-06T01:22:19.356+07:00  INFO 12788 --- [main] SQL dialect                              : HHH000400: Using dialect: org.hibernate.community.dialect.SQLiteDialect
2023-01-06T01:22:19.924+07:00  INFO 12788 --- [main] o.h.e.t.j.p.i.JtaPlatformInitiator       : HHH000490: Using JtaPlatform implementation: [org.hibernate.engine.transaction.jta.platform.internal.NoJtaPlatform]
2023-01-06T01:22:19.934+07:00  INFO 12788 --- [main] j.LocalContainerEntityManagerFactoryBean : Initialized JPA EntityManagerFactory for persistence unit 'default'
2023-01-06T01:22:20.461+07:00  WARN 12788 --- [main] JpaBaseConfiguration$JpaWebConfiguration : spring.jpa.open-in-view is enabled by default. Therefore, database queries may be performed during view rendering. Explicitly configure spring.jpa.open-in-view to disable this warning
2023-01-06T01:22:20.787+07:00  INFO 12788 --- [main] o.s.b.a.w.s.WelcomePageHandlerMapping    : Adding welcome page template: index
2023-01-06T01:22:21.119+07:00  INFO 12788 --- [main] o.s.b.w.embedded.tomcat.TomcatWebServer  : Tomcat started on port(s): 8080 (http) with context path ''
2023-01-06T01:22:21.134+07:00  INFO 12788 --- [main] h.iot.kien.restapi.RestApiApplication    : Started RestApiApplication in 4.474 seconds (process running for 4.864)
2023-01-06T01:22:22.528+07:00  INFO 12788 --- [scheduling-1] hust.iot.kien.restapi.DataFetcher        : Skipping duplicate message at 2023-01-06T22:28:01.483...
2023-01-06T01:22:50.108+07:00  INFO 13204 --- [main] h.iot.kien.restapi.RestApiApplication    : Starting RestApiApplication using Java 19.0.1 with PID 13204 (D:\Studying\Code\Java\File\IoT\rest-api\target\classes started by admin in D:\Studying\Code\Java\File\IoT\rest-api)
2023-01-06T01:22:50.110+07:00  INFO 13204 --- [main] h.iot.kien.restapi.RestApiApplication    : The following 1 profile is active: "dev"
2023-01-06T01:22:50.160+07:00  WARN 13204 --- [main] o.s.c.annotation.AnnotationTypeMapping   : Support for convention-based annotation attribute overrides is deprecated and will be removed in Spring Framework 6.1. Please annotate the following attributes in @org.springframework.retry.annotation.EnableRetry with appropriate @AliasFor declarations: [proxyTargetClass]
2023-01-06T01:22:50.612+07:00  INFO 13204 --- [main] .s.d.r.c.RepositoryConfigurationDelegate : Bootstrapping Spring Data JPA repositories in DEFAULT mode.
2023-01-06T01:22:50.665+07:00  INFO 13204 --- [main] .s.d.r.c.RepositoryConfigurationDelegate : Finished Spring Data repository scanning in 41 ms. Found 1 JPA repository interfaces.
2023-01-06T01:22:51.560+07:00  INFO 13204 --- [main] o.s.b.w.embedded.tomcat.TomcatWebServer  : Tomcat initialized with port(s): 8080 (http)
2023-01-06T01:22:51.574+07:00  INFO 13204 --- [main] o.apache.catalina.core.StandardService   : Starting service [Tomcat]
2023-01-06T01:22:51.575+07:00  INFO 13204 --- [main] o.apache.catalina.core.StandardEngine    : Starting Servlet engine: [Apache Tomcat/10.1.4]
2023-01-06T01:22:51.679+07:00  INFO 13204 --- [main] o.a.c.c.C.[Tomcat].[localhost].[/]       : Initializing Spring embedded WebApplicationContext
2023-01-06T01:22:51.680+07:00  INFO 13204 --- [main] w.s.c.ServletWebServerApplicationContext : Root WebApplicationContext: initialization completed in 1505 ms
2023-01-06T01:22:51.822+07:00  INFO 13204 --- [main] com.zaxxer.hikari.HikariDataSource       : HikariPool-1 - Starting...
2023-01-06T01:22:51.985+07:00  INFO 13204 --- [main] com.zaxxer.hikari.pool.HikariPool        : HikariPool-1 - Added connection org.sqlite.jdbc4.JDBC4Connection@3e377967
2023-01-06T01:22:51.987+07:00  INFO 13204 --- [main] com.zaxxer.hikari.HikariDataSource       : HikariPool-1 - Start completed.
2023-01-06T01:22:52.034+07:00  INFO 13204 --- [main] o.hibernate.jpa.internal.util.LogHelper  : HHH000204: Processing PersistenceUnitInfo [name: default]
2023-01-06T01:22:52.075+07:00  INFO 13204 --- [main] org.hibernate.Version                    : HHH000412: Hibernate ORM core version 6.1.6.Final
2023-01-06T01:22:52.203+07:00  WARN 13204 --- [main] org.hibernate.orm.deprecation            : HHH90000021: Encountered deprecated setting [javax.persistence.sharedCache.mode], use [jakarta.persistence.sharedCache.mode] instead
2023-01-06T01:22:52.324+07:00  INFO 13204 --- [main] SQL dialect                              : HHH000400: Using dialect: org.hibernate.community.dialect.SQLiteDialect
2023-01-06T01:22:52.878+07:00  INFO 13204 --- [main] o.h.e.t.j.p.i.JtaPlatformInitiator       : HHH000490: Using JtaPlatform implementation: [org.hibernate.engine.transaction.jta.platform.internal.NoJtaPlatform]
2023-01-06T01:22:52.888+07:00  INFO 13204 --- [main] j.LocalContainerEntityManagerFactoryBean : Initialized JPA EntityManagerFactory for persistence unit 'default'
2023-01-06T01:22:53.416+07:00  WARN 13204 --- [main] JpaBaseConfiguration$JpaWebConfiguration : spring.jpa.open-in-view is enabled by default. Therefore, database queries may be performed during view rendering. Explicitly configure spring.jpa.open-in-view to disable this warning
2023-01-06T01:22:53.714+07:00  INFO 13204 --- [main] o.s.b.a.w.s.WelcomePageHandlerMapping    : Adding welcome page template: index
2023-01-06T01:22:54.071+07:00  INFO 13204 --- [main] o.s.b.w.embedded.tomcat.TomcatWebServer  : Tomcat started on port(s): 8080 (http) with context path ''
2023-01-06T01:22:54.086+07:00  INFO 13204 --- [main] h.iot.kien.restapi.RestApiApplication    : Started RestApiApplication in 4.438 seconds (process running for 4.764)
2023-01-06T01:22:55.483+07:00  INFO 13204 --- [scheduling-1] hust.iot.kien.restapi.DataFetcher        : Skipping duplicate message at 2023-01-06T22:28:01.483...
2023-01-06T01:23:06.708+07:00  INFO 13204 --- [scheduling-1] hust.iot.kien.restapi.DataFetcher        : Skipping duplicate message at 2023-01-06T22:28:01.483...
2023-01-06T01:23:17.882+07:00  INFO 13204 --- [scheduling-1] hust.iot.kien.restapi.DataFetcher        : Skipping duplicate message at 2023-01-06T22:28:01.483...
2023-01-06T01:23:29.103+07:00  INFO 13204 --- [scheduling-1] hust.iot.kien.restapi.DataFetcher        : Skipping duplicate message at 2023-01-06T22:28:01.483...
